  [1m[35m (7.7ms)[0m  [1m[35mCREATE TABLE "schema_migrations" ("version" character varying NOT NULL PRIMARY KEY)[0m
  [1m[35m (4.9ms)[0m  [1m[35mCREATE TABLE "ar_internal_metadata" ("key" character varying NOT NULL PRIMARY KEY, "value" character varying, "created_at" timestamp NOT NULL, "updated_at" timestamp NOT NULL)[0m
  [1m[35m (1.0ms)[0m  [1m[34mSELECT pg_try_advisory_lock(4762635147840476445)[0m
  [1m[35m (0.7ms)[0m  [1m[34mSELECT "schema_migrations"."version" FROM "schema_migrations" ORDER BY "schema_migrations"."version" ASC[0m
Migrating to CreateUsers (20190123215858)
  [1m[35m (0.3ms)[0m  [1m[35mBEGIN[0m
  [1m[35m (5.4ms)[0m  [1m[35mCREATE TABLE "users" ("id" bigserial primary key, "email" character varying NOT NULL, "created_at" timestamp NOT NULL, "updated_at" timestamp NOT NULL)[0m
  [1m[35m (2.2ms)[0m  [1m[35mCREATE UNIQUE INDEX  "index_users_on_email" ON "users"  ("email")[0m
  [1m[35mSQL (0.8ms)[0m  [1m[32mINSERT INTO "schema_migrations" ("version") VALUES ($1) RETURNING "version"[0m  [["version", "20190123215858"]]
  [1m[35m (0.6ms)[0m  [1m[35mCOMMIT[0m
  [1m[36mActiveRecord::InternalMetadata Load (0.9ms)[0m  [1m[34mSELECT  "ar_internal_metadata".* FROM "ar_internal_metadata" WHERE "ar_internal_metadata"."key" = $1 LIMIT $2[0m  [["key", "environment"], ["LIMIT", 1]]
  [1m[35m (0.2ms)[0m  [1m[35mBEGIN[0m
  [1m[35mSQL (0.6ms)[0m  [1m[32mINSERT INTO "ar_internal_metadata" ("key", "value", "created_at", "updated_at") VALUES ($1, $2, $3, $4) RETURNING "key"[0m  [["key", "environment"], ["value", "development"], ["created_at", "2019-01-23 22:01:41.938336"], ["updated_at", "2019-01-23 22:01:41.938336"]]
  [1m[35m (0.5ms)[0m  [1m[35mCOMMIT[0m
  [1m[35m (0.5ms)[0m  [1m[34mSELECT pg_advisory_unlock(4762635147840476445)[0m
  [1m[35m (0.6ms)[0m  [1m[34mSELECT "schema_migrations"."version" FROM "schema_migrations" ORDER BY "schema_migrations"."version" ASC[0m
  [1m[35m (0.3ms)[0m  [1m[35mBEGIN[0m
  [1m[36mUser Exists (12.2ms)[0m  [1m[34mSELECT  1 AS one FROM "users" WHERE "users"."email" IS NULL LIMIT $1[0m  [["LIMIT", 1]]
  [1m[35m (0.5ms)[0m  [1m[31mROLLBACK[0m
  [1m[35m (0.3ms)[0m  [1m[35mBEGIN[0m
  [1m[36mUser Exists (1.6ms)[0m  [1m[34mSELECT  1 AS one FROM "users" WHERE "users"."email" = $1 LIMIT $2[0m  [["email", "email@email.com"], ["LIMIT", 1]]
  [1m[35mSQL (1.1ms)[0m  [1m[32mINSERT INTO "users" ("email", "created_at", "updated_at") VALUES ($1, $2, $3) RETURNING "id"[0m  [["email", "email@email.com"], ["created_at", "2019-01-23 22:05:59.510970"], ["updated_at", "2019-01-23 22:05:59.510970"]]
  [1m[35m (0.7ms)[0m  [1m[35mCOMMIT[0m
  [1m[36mUser Load (0.6ms)[0m  [1m[34mSELECT "users".* FROM "users"[0m
  [1m[35m (0.3ms)[0m  [1m[35mBEGIN[0m
  [1m[36mUser Exists (0.8ms)[0m  [1m[34mSELECT  1 AS one FROM "users" WHERE "users"."email" = $1 LIMIT $2[0m  [["email", "email@email.com"], ["LIMIT", 1]]
  [1m[35m (0.3ms)[0m  [1m[31mROLLBACK[0m
  [1m[35m (0.3ms)[0m  [1m[34mSELECT pg_try_advisory_lock(4762635147840476445)[0m
  [1m[35m (1.1ms)[0m  [1m[34mSELECT "schema_migrations"."version" FROM "schema_migrations" ORDER BY "schema_migrations"."version" ASC[0m
Migrating to CreateShortenedUrls (20190123220825)
  [1m[35m (0.2ms)[0m  [1m[35mBEGIN[0m
  [1m[35m (7.0ms)[0m  [1m[35mCREATE TABLE "shortened_urls" ("id" bigserial primary key, "long_url" character varying NOT NULL, "short_url" character varying, "user_id" integer NOT NULL, "created_at" timestamp NOT NULL, "updated_at" timestamp NOT NULL)[0m
  [1m[35m (1.4ms)[0m  [1m[35mCREATE  INDEX  "index_shortened_urls_on_user_id" ON "shortened_urls"  ("user_id")[0m
  [1m[35mSQL (0.8ms)[0m  [1m[32mINSERT INTO "schema_migrations" ("version") VALUES ($1) RETURNING "version"[0m  [["version", "20190123220825"]]
  [1m[35m (1.1ms)[0m  [1m[35mCOMMIT[0m
  [1m[36mActiveRecord::InternalMetadata Load (0.5ms)[0m  [1m[34mSELECT  "ar_internal_metadata".* FROM "ar_internal_metadata" WHERE "ar_internal_metadata"."key" = $1 LIMIT $2[0m  [["key", "environment"], ["LIMIT", 1]]
  [1m[35m (0.2ms)[0m  [1m[35mBEGIN[0m
  [1m[35m (0.3ms)[0m  [1m[35mCOMMIT[0m
  [1m[35m (0.4ms)[0m  [1m[34mSELECT pg_advisory_unlock(4762635147840476445)[0m
  [1m[35m (0.3ms)[0m  [1m[34mSELECT "schema_migrations"."version" FROM "schema_migrations" ORDER BY "schema_migrations"."version" ASC[0m
  [1m[35m (1.2ms)[0m  [1m[34mSELECT "schema_migrations"."version" FROM "schema_migrations" ORDER BY "schema_migrations"."version" ASC[0m
  [1m[36mUser Load (0.9ms)[0m  [1m[34mSELECT  "users".* FROM "users" ORDER BY "users"."id" DESC LIMIT $1[0m  [["LIMIT", 1]]
  [1m[35m (0.3ms)[0m  [1m[35mBEGIN[0m
  [1m[35mSQL (2.0ms)[0m  [1m[32mINSERT INTO "shortened_urls" ("long_url", "user_id", "created_at", "updated_at") VALUES ($1, $2, $3, $4) RETURNING "id"[0m  [["long_url", "https://www.aaonline.io/full-stack-in-person-sql/1/60353147-39e3-44d3-baf7-38622f014d1d"], ["user_id", 1], ["created_at", "2019-01-23 22:20:41.099712"], ["updated_at", "2019-01-23 22:20:41.099712"]]
  [1m[35m (0.6ms)[0m  [1m[35mCOMMIT[0m
  [1m[36mShortenedUrl Load (0.6ms)[0m  [1m[34mSELECT "shortened_urls".* FROM "shortened_urls"[0m
  [1m[35m (0.2ms)[0m  [1m[35mBEGIN[0m
  [1m[35mSQL (1.2ms)[0m  [1m[32mINSERT INTO "shortened_urls" ("long_url", "short_url", "user_id", "created_at", "updated_at") VALUES ($1, $2, $3, $4, $5) RETURNING "id"[0m  [["long_url", "https://www.aaonline.io/full-stack-in-person-sql/1/60353147-39e3-44d3-baf7-38622f014d1d"], ["short_url", "5"], ["user_id", 1], ["created_at", "2019-01-23 22:34:46.787992"], ["updated_at", "2019-01-23 22:34:46.787992"]]
  [1m[35m (0.6ms)[0m  [1m[35mCOMMIT[0m
  [1m[36mShortenedUrl Load (0.7ms)[0m  [1m[34mSELECT "shortened_urls".* FROM "shortened_urls"[0m
  [1m[36mShortenedUrl Load (0.5ms)[0m  [1m[34mSELECT  "shortened_urls".* FROM "shortened_urls" WHERE "shortened_urls"."short_url" = $1 LIMIT $2[0m  [["short_url", "short_url"], ["LIMIT", 1]]
  [1m[36mShortenedUrl Load (0.4ms)[0m  [1m[34mSELECT  "shortened_urls".* FROM "shortened_urls" WHERE "shortened_urls"."short_url" = $1 LIMIT $2[0m  [["short_url", "5"], ["LIMIT", 1]]
  [1m[36mShortenedUrl Load (0.5ms)[0m  [1m[34mSELECT  "shortened_urls".* FROM "shortened_urls" WHERE "shortened_urls"."short_url" = $1 LIMIT $2[0m  [["short_url", "6"], ["LIMIT", 1]]
  [1m[36mShortenedUrl Load (0.4ms)[0m  [1m[34mSELECT  "shortened_urls".* FROM "shortened_urls" WHERE "shortened_urls"."short_url" = $1 LIMIT $2[0m  [["short_url", "M0mxVm-gL8SzQhPjFzgI1g"], ["LIMIT", 1]]
  [1m[36mShortenedUrl Load (0.6ms)[0m  [1m[34mSELECT  "shortened_urls".* FROM "shortened_urls" WHERE "shortened_urls"."short_url" = $1 LIMIT $2[0m  [["short_url", "LHkky_6IFH5XAq_yBhXeOg"], ["LIMIT", 1]]
  [1m[36mShortenedUrl Load (0.5ms)[0m  [1m[34mSELECT  "shortened_urls".* FROM "shortened_urls" WHERE "shortened_urls"."short_url" = $1 LIMIT $2[0m  [["short_url", "dq1h2wjf9O3G4LHrlYGj1w"], ["LIMIT", 1]]
  [1m[36mShortenedUrl Load (0.4ms)[0m  [1m[34mSELECT  "shortened_urls".* FROM "shortened_urls" WHERE "shortened_urls"."short_url" = $1 LIMIT $2[0m  [["short_url", "1mCnrnO2GbcakSNdnbolMg"], ["LIMIT", 1]]
  [1m[36mShortenedUrl Load (0.5ms)[0m  [1m[34mSELECT  "shortened_urls".* FROM "shortened_urls" WHERE "shortened_urls"."short_url" = $1 LIMIT $2[0m  [["short_url", "kWQ0AKKMeX9LrY9ieTyZcA"], ["LIMIT", 1]]
  [1m[36mShortenedUrl Load (0.4ms)[0m  [1m[34mSELECT  "shortened_urls".* FROM "shortened_urls" WHERE "shortened_urls"."short_url" = $1 LIMIT $2[0m  [["short_url", "PnbenHmb9rEsQc7ZjuMASQ"], ["LIMIT", 1]]
  [1m[36mShortenedUrl Load (0.4ms)[0m  [1m[34mSELECT  "shortened_urls".* FROM "shortened_urls" WHERE "shortened_urls"."short_url" = $1 LIMIT $2[0m  [["short_url", "JmnZZRdSMKWnoBG14CTbzg"], ["LIMIT", 1]]
  [1m[36mShortenedUrl Load (0.4ms)[0m  [1m[34mSELECT  "shortened_urls".* FROM "shortened_urls" WHERE "shortened_urls"."short_url" = $1 LIMIT $2[0m  [["short_url", "7TO0tnp6aRiHSpwkIYNkag"], ["LIMIT", 1]]
  [1m[36mShortenedUrl Load (0.4ms)[0m  [1m[34mSELECT  "shortened_urls".* FROM "shortened_urls" WHERE "shortened_urls"."short_url" = $1 LIMIT $2[0m  [["short_url", "f5906nV6lngRDpztMTED7w"], ["LIMIT", 1]]
  [1m[36mShortenedUrl Load (0.4ms)[0m  [1m[34mSELECT  "shortened_urls".* FROM "shortened_urls" WHERE "shortened_urls"."short_url" = $1 LIMIT $2[0m  [["short_url", "vm2fMY7iksphM6POczjdZA"], ["LIMIT", 1]]
  [1m[36mShortenedUrl Load (0.4ms)[0m  [1m[34mSELECT  "shortened_urls".* FROM "shortened_urls" WHERE "shortened_urls"."short_url" = $1 LIMIT $2[0m  [["short_url", "bGoI1DqFqccakNSnwjlwTQ"], ["LIMIT", 1]]
  [1m[36mShortenedUrl Load (0.4ms)[0m  [1m[34mSELECT  "shortened_urls".* FROM "shortened_urls" WHERE "shortened_urls"."short_url" = $1 LIMIT $2[0m  [["short_url", "iGpExHF19JcEy1VL0NFouw"], ["LIMIT", 1]]
  [1m[36mShortenedUrl Load (0.4ms)[0m  [1m[34mSELECT  "shortened_urls".* FROM "shortened_urls" WHERE "shortened_urls"."short_url" = $1 LIMIT $2[0m  [["short_url", "gnHJou0hQVB7io-73CHBZA"], ["LIMIT", 1]]
  [1m[36mShortenedUrl Load (0.3ms)[0m  [1m[34mSELECT  "shortened_urls".* FROM "shortened_urls" WHERE "shortened_urls"."short_url" = $1 LIMIT $2[0m  [["short_url", "zzLCoz9WmsFrjZi2zSXa9g"], ["LIMIT", 1]]
  [1m[36mShortenedUrl Load (0.4ms)[0m  [1m[34mSELECT  "shortened_urls".* FROM "shortened_urls" WHERE "shortened_urls"."short_url" = $1 LIMIT $2[0m  [["short_url", "76T8-MvKFxIcwiAZVsgcTg"], ["LIMIT", 1]]
  [1m[36mShortenedUrl Load (0.4ms)[0m  [1m[34mSELECT  "shortened_urls".* FROM "shortened_urls" WHERE "shortened_urls"."short_url" = $1 LIMIT $2[0m  [["short_url", "pphTSPkEh2EiyI5_axoz7g"], ["LIMIT", 1]]
  [1m[36mShortenedUrl Load (0.4ms)[0m  [1m[34mSELECT  "shortened_urls".* FROM "shortened_urls" WHERE "shortened_urls"."short_url" = $1 LIMIT $2[0m  [["short_url", "n63_7bE7QJkjYthxsImdPg"], ["LIMIT", 1]]
  [1m[36mShortenedUrl Load (0.3ms)[0m  [1m[34mSELECT  "shortened_urls".* FROM "shortened_urls" WHERE "shortened_urls"."short_url" = $1 LIMIT $2[0m  [["short_url", "w2x_xOUIsim6q0sFacClTQ"], ["LIMIT", 1]]
  [1m[36mShortenedUrl Load (0.4ms)[0m  [1m[34mSELECT  "shortened_urls".* FROM "shortened_urls" WHERE "shortened_urls"."short_url" = $1 LIMIT $2[0m  [["short_url", "IbpzFl-RJzBaGGyoha1zlg"], ["LIMIT", 1]]
  [1m[36mShortenedUrl Load (0.4ms)[0m  [1m[34mSELECT  "shortened_urls".* FROM "shortened_urls" WHERE "shortened_urls"."short_url" = $1 LIMIT $2[0m  [["short_url", "BAib7h19U1Xp9vThwCJf4w"], ["LIMIT", 1]]
  [1m[36mShortenedUrl Load (0.4ms)[0m  [1m[34mSELECT  "shortened_urls".* FROM "shortened_urls" WHERE "shortened_urls"."short_url" = $1 LIMIT $2[0m  [["short_url", "D5fMnKkyHV0-TacY9fqv1w"], ["LIMIT", 1]]
  [1m[36mShortenedUrl Load (0.4ms)[0m  [1m[34mSELECT  "shortened_urls".* FROM "shortened_urls" WHERE "shortened_urls"."short_url" = $1 LIMIT $2[0m  [["short_url", "YvStREu-RHMl6prBq_NnVw"], ["LIMIT", 1]]
  [1m[36mShortenedUrl Load (0.4ms)[0m  [1m[34mSELECT  "shortened_urls".* FROM "shortened_urls" WHERE "shortened_urls"."short_url" = $1 LIMIT $2[0m  [["short_url", "agi4y0C50VprbqGow6aSYQ"], ["LIMIT", 1]]
  [1m[36mShortenedUrl Load (0.4ms)[0m  [1m[34mSELECT  "shortened_urls".* FROM "shortened_urls" WHERE "shortened_urls"."short_url" = $1 LIMIT $2[0m  [["short_url", "dRFhYvjgok3SfesnQvyQVA"], ["LIMIT", 1]]
  [1m[36mShortenedUrl Load (0.4ms)[0m  [1m[34mSELECT  "shortened_urls".* FROM "shortened_urls" WHERE "shortened_urls"."short_url" = $1 LIMIT $2[0m  [["short_url", "NzPTMOZADv11f78a87dqMw"], ["LIMIT", 1]]
  [1m[36mShortenedUrl Load (0.4ms)[0m  [1m[34mSELECT  "shortened_urls".* FROM "shortened_urls" WHERE "shortened_urls"."short_url" = $1 LIMIT $2[0m  [["short_url", "s9G5CVEKI7N55qY4AXosMA"], ["LIMIT", 1]]
  [1m[36mShortenedUrl Load (0.4ms)[0m  [1m[34mSELECT  "shortened_urls".* FROM "shortened_urls" WHERE "shortened_urls"."short_url" = $1 LIMIT $2[0m  [["short_url", "3lu3znpnwgMipOf8YwN2ZQ"], ["LIMIT", 1]]
  [1m[36mShortenedUrl Load (0.4ms)[0m  [1m[34mSELECT  "shortened_urls".* FROM "shortened_urls" WHERE "shortened_urls"."short_url" = $1 LIMIT $2[0m  [["short_url", "RlRauD0czB4UEVTOPX4fZw"], ["LIMIT", 1]]
  [1m[36mShortenedUrl Load (0.4ms)[0m  [1m[34mSELECT  "shortened_urls".* FROM "shortened_urls" WHERE "shortened_urls"."short_url" = $1 LIMIT $2[0m  [["short_url", "-my8AKodjgwnqEHnlDrNog"], ["LIMIT", 1]]
  [1m[36mUser Load (0.9ms)[0m  [1m[34mSELECT  "users".* FROM "users" ORDER BY "users"."id" DESC LIMIT $1[0m  [["LIMIT", 1]]
  [1m[36mShortenedUrl Load (0.3ms)[0m  [1m[34mSELECT  "shortened_urls".* FROM "shortened_urls" WHERE "shortened_urls"."short_url" = $1 LIMIT $2[0m  [["short_url", "IzWvUQn9RFsyY5lwY0nxYw"], ["LIMIT", 1]]
  [1m[36mShortenedUrl Load (0.4ms)[0m  [1m[34mSELECT  "shortened_urls".* FROM "shortened_urls" ORDER BY "shortened_urls"."id" DESC LIMIT $1[0m  [["LIMIT", 1]]
  [1m[36mUser Load (0.8ms)[0m  [1m[34mSELECT  "users".* FROM "users" WHERE "users"."id" = $1 LIMIT $2[0m  [["id", 1], ["LIMIT", 1]]
  [1m[36mUser Load (0.3ms)[0m  [1m[34mSELECT  "users".* FROM "users" ORDER BY "users"."id" DESC LIMIT $1[0m  [["LIMIT", 1]]
  [1m[36mShortenedUrl Load (0.4ms)[0m  [1m[34mSELECT "shortened_urls".* FROM "shortened_urls" WHERE "shortened_urls"."user_id" = $1[0m  [["user_id", 1]]
  [1m[35m (0.3ms)[0m  [1m[35mBEGIN[0m
  [1m[36mUser Exists (0.7ms)[0m  [1m[34mSELECT  1 AS one FROM "users" WHERE "users"."email" = $1 LIMIT $2[0m  [["email", "email4@email.com"], ["LIMIT", 1]]
  [1m[35mSQL (0.6ms)[0m  [1m[32mINSERT INTO "users" ("email", "created_at", "updated_at") VALUES ($1, $2, $3) RETURNING "id"[0m  [["email", "email4@email.com"], ["created_at", "2019-01-23 22:59:53.824280"], ["updated_at", "2019-01-23 22:59:53.824280"]]
  [1m[35m (0.6ms)[0m  [1m[35mCOMMIT[0m
  [1m[35m (0.3ms)[0m  [1m[35mBEGIN[0m
  [1m[36mUser Exists (0.7ms)[0m  [1m[34mSELECT  1 AS one FROM "users" WHERE "users"."email" = $1 LIMIT $2[0m  [["email", "email3@email.com"], ["LIMIT", 1]]
  [1m[35mSQL (0.6ms)[0m  [1m[32mINSERT INTO "users" ("email", "created_at", "updated_at") VALUES ($1, $2, $3) RETURNING "id"[0m  [["email", "email3@email.com"], ["created_at", "2019-01-23 22:59:57.703610"], ["updated_at", "2019-01-23 22:59:57.703610"]]
  [1m[35m (0.6ms)[0m  [1m[35mCOMMIT[0m
  [1m[36mUser Load (0.5ms)[0m  [1m[34mSELECT "users".* FROM "users"[0m
  [1m[36mShortenedUrl Load (0.4ms)[0m  [1m[34mSELECT  "shortened_urls".* FROM "shortened_urls" WHERE "shortened_urls"."short_url" = $1 LIMIT $2[0m  [["short_url", "K-ksF9Qci7sJa_o4yogS4g"], ["LIMIT", 1]]
  [1m[36mShortenedUrl Load (0.4ms)[0m  [1m[34mSELECT  "shortened_urls".* FROM "shortened_urls" WHERE "shortened_urls"."short_url" = $1 LIMIT $2[0m  [["short_url", "WAdjUIdi3cAKUTgJSuKo_Q"], ["LIMIT", 1]]
  [1m[36mShortenedUrl Load (0.5ms)[0m  [1m[34mSELECT "shortened_urls".* FROM "shortened_urls"[0m
  [1m[36mShortenedUrl Load (0.3ms)[0m  [1m[34mSELECT  "shortened_urls".* FROM "shortened_urls" WHERE "shortened_urls"."short_url" = $1 LIMIT $2[0m  [["short_url", "gH7STyjbTw7WLX-KyYr0HA"], ["LIMIT", 1]]
  [1m[35m (0.2ms)[0m  [1m[35mBEGIN[0m
  [1m[36mUser Load (0.5ms)[0m  [1m[34mSELECT  "users".* FROM "users" WHERE "users"."id" = $1 LIMIT $2[0m  [["id", 2], ["LIMIT", 1]]
  [1m[35mSQL (0.6ms)[0m  [1m[32mINSERT INTO "shortened_urls" ("long_url", "short_url", "user_id", "created_at", "updated_at") VALUES ($1, $2, $3, $4, $5) RETURNING "id"[0m  [["long_url", "google.com"], ["short_url", "gH7STyjbTw7WLX-KyYr0HA"], ["user_id", 2], ["created_at", "2019-01-23 23:02:08.120050"], ["updated_at", "2019-01-23 23:02:08.120050"]]
  [1m[35m (0.5ms)[0m  [1m[35mCOMMIT[0m
  [1m[36mShortenedUrl Load (0.4ms)[0m  [1m[34mSELECT  "shortened_urls".* FROM "shortened_urls" WHERE "shortened_urls"."short_url" = $1 LIMIT $2[0m  [["short_url", "kwBxYTdCzbYqkvI2ttWmrA"], ["LIMIT", 1]]
  [1m[35m (0.2ms)[0m  [1m[35mBEGIN[0m
  [1m[36mUser Load (0.6ms)[0m  [1m[34mSELECT  "users".* FROM "users" WHERE "users"."id" = $1 LIMIT $2[0m  [["id", 3], ["LIMIT", 1]]
  [1m[35mSQL (0.7ms)[0m  [1m[32mINSERT INTO "shortened_urls" ("long_url", "short_url", "user_id", "created_at", "updated_at") VALUES ($1, $2, $3, $4, $5) RETURNING "id"[0m  [["long_url", "google.com"], ["short_url", "kwBxYTdCzbYqkvI2ttWmrA"], ["user_id", 3], ["created_at", "2019-01-23 23:02:10.879206"], ["updated_at", "2019-01-23 23:02:10.879206"]]
  [1m[35m (0.5ms)[0m  [1m[35mCOMMIT[0m
  [1m[36mShortenedUrl Load (0.5ms)[0m  [1m[34mSELECT "shortened_urls".* FROM "shortened_urls"[0m
  [1m[35m (0.4ms)[0m  [1m[34mSELECT pg_try_advisory_lock(4762635147840476445)[0m
  [1m[35m (1.1ms)[0m  [1m[34mSELECT "schema_migrations"."version" FROM "schema_migrations" ORDER BY "schema_migrations"."version" ASC[0m
Migrating to CreateVisits (20190123230828)
  [1m[35m (0.2ms)[0m  [1m[35mBEGIN[0m
  [1m[35m (5.8ms)[0m  [1m[35mCREATE TABLE "visits" ("id" bigserial primary key, "shortened_url_id" integer NOT NULL, "user_id" integer NOT NULL, "created_at" timestamp NOT NULL, "updated_at" timestamp NOT NULL)[0m
  [1m[35m (1.3ms)[0m  [1m[35mCREATE  INDEX  "index_visits_on_shortened_url_id" ON "visits"  ("shortened_url_id")[0m
  [1m[35m (1.2ms)[0m  [1m[35mCREATE  INDEX  "index_visits_on_user_id" ON "visits"  ("user_id")[0m
  [1m[35mSQL (0.6ms)[0m  [1m[32mINSERT INTO "schema_migrations" ("version") VALUES ($1) RETURNING "version"[0m  [["version", "20190123230828"]]
  [1m[35m (1.4ms)[0m  [1m[35mCOMMIT[0m
  [1m[36mActiveRecord::InternalMetadata Load (0.5ms)[0m  [1m[34mSELECT  "ar_internal_metadata".* FROM "ar_internal_metadata" WHERE "ar_internal_metadata"."key" = $1 LIMIT $2[0m  [["key", "environment"], ["LIMIT", 1]]
  [1m[35m (0.3ms)[0m  [1m[35mBEGIN[0m
  [1m[35m (0.2ms)[0m  [1m[35mCOMMIT[0m
  [1m[35m (0.4ms)[0m  [1m[34mSELECT pg_advisory_unlock(4762635147840476445)[0m
  [1m[35m (0.3ms)[0m  [1m[34mSELECT "schema_migrations"."version" FROM "schema_migrations" ORDER BY "schema_migrations"."version" ASC[0m
  [1m[35m (1.5ms)[0m  [1m[34mSELECT "schema_migrations"."version" FROM "schema_migrations" ORDER BY "schema_migrations"."version" ASC[0m
  [1m[36mUser Load (0.7ms)[0m  [1m[34mSELECT  "users".* FROM "users" ORDER BY "users"."id" ASC LIMIT $1[0m  [["LIMIT", 1]]
  [1m[36mShortenedUrl Load (0.6ms)[0m  [1m[34mSELECT  "shortened_urls".* FROM "shortened_urls" ORDER BY "shortened_urls"."id" DESC LIMIT $1[0m  [["LIMIT", 1]]
  [1m[36mShortenedUrl Load (0.4ms)[0m  [1m[34mSELECT  "shortened_urls".* FROM "shortened_urls" ORDER BY "shortened_urls"."id" DESC LIMIT $1[0m  [["LIMIT", 1]]
  [1m[36mUser Load (0.8ms)[0m  [1m[34mSELECT  "users".* FROM "users" ORDER BY "users"."id" ASC LIMIT $1[0m  [["LIMIT", 1]]
  [1m[35m (0.3ms)[0m  [1m[35mBEGIN[0m
  [1m[35mSQL (41.8ms)[0m  [1m[32mINSERT INTO "visits" ("shortened_url_id", "user_id", "created_at", "updated_at") VALUES ($1, $2, $3, $4) RETURNING "id"[0m  [["shortened_url_id", 4], ["user_id", 1], ["created_at", "2019-01-23 23:16:40.728433"], ["updated_at", "2019-01-23 23:16:40.728433"]]
  [1m[35m (0.5ms)[0m  [1m[35mCOMMIT[0m
  [1m[36mVisit Load (0.5ms)[0m  [1m[34mSELECT  "visits".* FROM "visits" ORDER BY "visits"."id" ASC LIMIT $1[0m  [["LIMIT", 1]]
  [1m[36mVisit Load (0.4ms)[0m  [1m[34mSELECT  "visits".* FROM "visits" ORDER BY "visits"."id" DESC LIMIT $1[0m  [["LIMIT", 1]]
  [1m[36mVisit Load (0.5ms)[0m  [1m[34mSELECT  "visits".* FROM "visits" ORDER BY "visits"."id" DESC LIMIT $1[0m  [["LIMIT", 1]]
  [1m[36mUser Load (0.5ms)[0m  [1m[34mSELECT  "users".* FROM "users" WHERE "users"."id" = $1 LIMIT $2[0m  [["id", 1], ["LIMIT", 1]]
  [1m[36mVisit Load (0.3ms)[0m  [1m[34mSELECT  "visits".* FROM "visits" ORDER BY "visits"."id" DESC LIMIT $1[0m  [["LIMIT", 1]]
  [1m[36mUser Load (0.5ms)[0m  [1m[34mSELECT  "users".* FROM "users" WHERE "users"."id" = $1 LIMIT $2[0m  [["id", 1], ["LIMIT", 1]]
  [1m[36mVisit Load (0.6ms)[0m  [1m[34mSELECT  "visits".* FROM "visits" ORDER BY "visits"."id" DESC LIMIT $1[0m  [["LIMIT", 1]]
  [1m[36mShortenedUrl Load (0.4ms)[0m  [1m[34mSELECT  "shortened_urls".* FROM "shortened_urls" WHERE "shortened_urls"."id" = $1 LIMIT $2[0m  [["id", 4], ["LIMIT", 1]]
  [1m[36mUser Load (0.4ms)[0m  [1m[34mSELECT  "users".* FROM "users" ORDER BY "users"."id" DESC LIMIT $1[0m  [["LIMIT", 1]]
  [1m[36mShortenedUrl Load (0.7ms)[0m  [1m[34mSELECT "shortened_urls".* FROM "shortened_urls" INNER JOIN "visits" ON "shortened_urls"."id" = "visits"."shortened_url_id" WHERE "visits"."user_id" = $1[0m  [["user_id", 3]]
  [1m[36mUser Load (0.6ms)[0m  [1m[34mSELECT  "users".* FROM "users" ORDER BY "users"."id" ASC LIMIT $1[0m  [["LIMIT", 1]]
  [1m[36mShortenedUrl Load (0.8ms)[0m  [1m[34mSELECT "shortened_urls".* FROM "shortened_urls" INNER JOIN "visits" ON "shortened_urls"."id" = "visits"."shortened_url_id" WHERE "visits"."user_id" = $1[0m  [["user_id", 1]]
  [1m[36mShortenedUrl Load (0.9ms)[0m  [1m[34mSELECT  "shortened_urls".* FROM "shortened_urls" ORDER BY "shortened_urls"."id" ASC LIMIT $1[0m  [["LIMIT", 1]]
  [1m[36mUser Load (0.6ms)[0m  [1m[34mSELECT "users".* FROM "users" INNER JOIN "visits" ON "users"."id" = "visits"."user_id" WHERE "visits"."shortened_url_id" = $1[0m  [["shortened_url_id", 1]]
  [1m[36mShortenedUrl Load (0.6ms)[0m  [1m[34mSELECT  "shortened_urls".* FROM "shortened_urls" ORDER BY "shortened_urls"."id" DESC LIMIT $1[0m  [["LIMIT", 1]]
  [1m[36mUser Load (1.4ms)[0m  [1m[34mSELECT "users".* FROM "users" INNER JOIN "visits" ON "users"."id" = "visits"."user_id" WHERE "visits"."shortened_url_id" = $1[0m  [["shortened_url_id", 4]]
  [1m[36mVisit Load (0.6ms)[0m  [1m[34mSELECT "visits".* FROM "visits"[0m
  [1m[36mVisit Load (0.4ms)[0m  [1m[34mSELECT  "visits".* FROM "visits" ORDER BY "visits"."id" DESC LIMIT $1[0m  [["LIMIT", 1]]
  [1m[36mShortenedUrl Load (0.5ms)[0m  [1m[34mSELECT  "shortened_urls".* FROM "shortened_urls" ORDER BY "shortened_urls"."id" DESC LIMIT $1[0m  [["LIMIT", 1]]
  [1m[36mShortenedUrl Load (0.4ms)[0m  [1m[34mSELECT  "shortened_urls".* FROM "shortened_urls" ORDER BY "shortened_urls"."id" DESC LIMIT $1[0m  [["LIMIT", 1]]
  [1m[35m (15.7ms)[0m  [1m[34mSELECT COUNT("visits"."id") FROM "visits"[0m
  [1m[36mShortenedUrl Load (0.4ms)[0m  [1m[34mSELECT  "shortened_urls".* FROM "shortened_urls" ORDER BY "shortened_urls"."id" DESC LIMIT $1[0m  [["LIMIT", 1]]
  [1m[36mShortenedUrl Load (0.3ms)[0m  [1m[34mSELECT  "shortened_urls".* FROM "shortened_urls" ORDER BY "shortened_urls"."id" DESC LIMIT $1[0m  [["LIMIT", 1]]
  [1m[35m (28.8ms)[0m  [1m[34mSELECT COUNT({3682547173984207371=>"id", :conditions=>"shortened_url_id = self.id"}) FROM "visits"[0m
  [1m[36mShortenedUrl Load (0.5ms)[0m  [1m[34mSELECT  "shortened_urls".* FROM "shortened_urls" ORDER BY "shortened_urls"."id" DESC LIMIT $1[0m  [["LIMIT", 1]]
  [1m[35m (15.0ms)[0m  [1m[34mSELECT COUNT({:select=>"id", :conditions=>"shortened_url_id = self.id"}) FROM "visits"[0m
  [1m[36mShortenedUrl Load (0.3ms)[0m  [1m[34mSELECT  "shortened_urls".* FROM "shortened_urls" ORDER BY "shortened_urls"."id" DESC LIMIT $1[0m  [["LIMIT", 1]]
  [1m[35m (5.5ms)[0m  [1m[34mSELECT COUNT({:select=>"id", :conditions=>"shortened_url_id = self.id"}) FROM "visits"[0m
  [1m[36mShortenedUrl Load (0.4ms)[0m  [1m[34mSELECT  "shortened_urls".* FROM "shortened_urls" ORDER BY "shortened_urls"."id" DESC LIMIT $1[0m  [["LIMIT", 1]]
  [1m[36mShortenedUrl Load (0.5ms)[0m  [1m[34mSELECT  "shortened_urls".* FROM "shortened_urls" ORDER BY "shortened_urls"."id" DESC LIMIT $1[0m  [["LIMIT", 1]]
  [1m[35m (0.5ms)[0m  [1m[34mSELECT COUNT(*) FROM "visits"[0m
  [1m[36mShortenedUrl Load (0.3ms)[0m  [1m[34mSELECT  "shortened_urls".* FROM "shortened_urls" ORDER BY "shortened_urls"."id" DESC LIMIT $1[0m  [["LIMIT", 1]]
  [1m[35m (0.6ms)[0m  [1m[34mSELECT COUNT(*) FROM "visits" WHERE "visits"."shortened_url_id" = $1[0m  [["shortened_url_id", 4]]
  [1m[36mShortenedUrl Load (0.6ms)[0m  [1m[34mSELECT  "shortened_urls".* FROM "shortened_urls" ORDER BY "shortened_urls"."id" ASC LIMIT $1[0m  [["LIMIT", 1]]
  [1m[36mUser Load (0.3ms)[0m  [1m[34mSELECT  "users".* FROM "users" ORDER BY "users"."id" ASC LIMIT $1[0m  [["LIMIT", 1]]
  [1m[35m (0.3ms)[0m  [1m[35mBEGIN[0m
  [1m[36mUser Load (0.4ms)[0m  [1m[34mSELECT  "users".* FROM "users" WHERE "users"."id" = $1 LIMIT $2[0m  [["id", 1], ["LIMIT", 1]]
  [1m[36mShortenedUrl Load (0.4ms)[0m  [1m[34mSELECT  "shortened_urls".* FROM "shortened_urls" WHERE "shortened_urls"."id" = $1 LIMIT $2[0m  [["id", 1], ["LIMIT", 1]]
  [1m[35mSQL (0.5ms)[0m  [1m[32mINSERT INTO "visits" ("shortened_url_id", "user_id", "created_at", "updated_at") VALUES ($1, $2, $3, $4) RETURNING "id"[0m  [["shortened_url_id", 1], ["user_id", 1], ["created_at", "2019-01-24 00:23:18.474492"], ["updated_at", "2019-01-24 00:23:18.474492"]]
  [1m[35m (0.5ms)[0m  [1m[35mCOMMIT[0m
  [1m[36mVisit Load (0.5ms)[0m  [1m[34mSELECT "visits".* FROM "visits"[0m
  [1m[36mShortenedUrl Load (0.7ms)[0m  [1m[34mSELECT  "shortened_urls".* FROM "shortened_urls" ORDER BY "shortened_urls"."id" ASC LIMIT $1[0m  [["LIMIT", 1]]
  [1m[36mUser Load (0.5ms)[0m  [1m[34mSELECT  "users".* FROM "users" ORDER BY "users"."id" DESC LIMIT $1[0m  [["LIMIT", 1]]
  [1m[35m (0.2ms)[0m  [1m[35mBEGIN[0m
  [1m[36mUser Load (0.5ms)[0m  [1m[34mSELECT  "users".* FROM "users" WHERE "users"."id" = $1 LIMIT $2[0m  [["id", 3], ["LIMIT", 1]]
  [1m[36mShortenedUrl Load (0.6ms)[0m  [1m[34mSELECT  "shortened_urls".* FROM "shortened_urls" WHERE "shortened_urls"."id" = $1 LIMIT $2[0m  [["id", 1], ["LIMIT", 1]]
  [1m[35mSQL (0.6ms)[0m  [1m[32mINSERT INTO "visits" ("shortened_url_id", "user_id", "created_at", "updated_at") VALUES ($1, $2, $3, $4) RETURNING "id"[0m  [["shortened_url_id", 1], ["user_id", 3], ["created_at", "2019-01-24 00:23:58.092465"], ["updated_at", "2019-01-24 00:23:58.092465"]]
  [1m[35m (0.5ms)[0m  [1m[35mCOMMIT[0m
  [1m[36mVisit Load (0.5ms)[0m  [1m[34mSELECT "visits".* FROM "visits"[0m
  [1m[36mShortenedUrl Load (0.6ms)[0m  [1m[34mSELECT  "shortened_urls".* FROM "shortened_urls" ORDER BY "shortened_urls"."id" ASC LIMIT $1[0m  [["LIMIT", 1]]
  [1m[35m (0.7ms)[0m  [1m[34mSELECT COUNT(*) FROM "visits" WHERE "visits"."shortened_url_id" = $1[0m  [["shortened_url_id", 1]]
  [1m[36mShortenedUrl Load (0.4ms)[0m  [1m[34mSELECT  "shortened_urls".* FROM "shortened_urls" ORDER BY "shortened_urls"."id" DESC LIMIT $1[0m  [["LIMIT", 1]]
  [1m[35m (0.6ms)[0m  [1m[34mSELECT COUNT(*) FROM (SELECT DISTINCT "visits"."user_id" FROM "visits" WHERE (shortened_url_id = 4)) subquery_for_count[0m
  [1m[36mShortenedUrl Load (0.5ms)[0m  [1m[34mSELECT  "shortened_urls".* FROM "shortened_urls" ORDER BY "shortened_urls"."id" ASC LIMIT $1[0m  [["LIMIT", 1]]
  [1m[35m (0.8ms)[0m  [1m[34mSELECT COUNT(*) FROM (SELECT DISTINCT "visits"."user_id" FROM "visits" WHERE (shortened_url_id = 1)) subquery_for_count[0m
  [1m[35m (0.2ms)[0m  [1m[35mBEGIN[0m
  [1m[36mUser Load (0.4ms)[0m  [1m[34mSELECT  "users".* FROM "users" WHERE "users"."id" = $1 LIMIT $2[0m  [["id", 3], ["LIMIT", 1]]
  [1m[36mShortenedUrl Load (0.5ms)[0m  [1m[34mSELECT  "shortened_urls".* FROM "shortened_urls" WHERE "shortened_urls"."id" = $1 LIMIT $2[0m  [["id", 1], ["LIMIT", 1]]
  [1m[35mSQL (0.6ms)[0m  [1m[32mINSERT INTO "visits" ("shortened_url_id", "user_id", "created_at", "updated_at") VALUES ($1, $2, $3, $4) RETURNING "id"[0m  [["shortened_url_id", 1], ["user_id", 3], ["created_at", "2019-01-24 00:41:46.260867"], ["updated_at", "2019-01-24 00:41:46.260867"]]
  [1m[35m (0.6ms)[0m  [1m[35mCOMMIT[0m
  [1m[36mShortenedUrl Load (0.6ms)[0m  [1m[34mSELECT  "shortened_urls".* FROM "shortened_urls" WHERE "shortened_urls"."id" = $1 LIMIT $2[0m  [["id", 1], ["LIMIT", 1]]
  [1m[35m (0.7ms)[0m  [1m[34mSELECT COUNT(*) FROM "visits" WHERE "visits"."shortened_url_id" = $1[0m  [["shortened_url_id", 1]]
  [1m[36mShortenedUrl Load (0.7ms)[0m  [1m[34mSELECT  "shortened_urls".* FROM "shortened_urls" WHERE "shortened_urls"."id" = $1 LIMIT $2[0m  [["id", 1], ["LIMIT", 1]]
  [1m[35m (0.8ms)[0m  [1m[34mSELECT COUNT(*) FROM (SELECT DISTINCT "visits"."user_id" FROM "visits" WHERE (shortened_url_id = 1)) subquery_for_count[0m
  [1m[36mShortenedUrl Load (0.4ms)[0m  [1m[34mSELECT  "shortened_urls".* FROM "shortened_urls" WHERE "shortened_urls"."id" = $1 LIMIT $2[0m  [["id", 1], ["LIMIT", 1]]
  [1m[35m (0.4ms)[0m  [1m[34mSELECT COUNT(*) FROM "visits"[0m
  [1m[36mShortenedUrl Load (0.5ms)[0m  [1m[34mSELECT  "shortened_urls".* FROM "shortened_urls" WHERE "shortened_urls"."id" = $1 LIMIT $2[0m  [["id", 1], ["LIMIT", 1]]
  [1m[35m (0.7ms)[0m  [1m[34mSELECT COUNT(DISTINCT "visits"."user_id") FROM "visits" WHERE (shortened_url_id = 1)[0m
  [1m[36mShortenedUrl Load (0.4ms)[0m  [1m[34mSELECT  "shortened_urls".* FROM "shortened_urls" WHERE "shortened_urls"."id" = $1 LIMIT $2[0m  [["id", 1], ["LIMIT", 1]]
  [1m[35m (0.6ms)[0m  [1m[34mSELECT COUNT(*) FROM "visits" WHERE "visits"."shortened_url_id" = $1[0m  [["shortened_url_id", 1]]
  [1m[36mShortenedUrl Load (0.7ms)[0m  [1m[34mSELECT  "shortened_urls".* FROM "shortened_urls" WHERE "shortened_urls"."id" = $1 LIMIT $2[0m  [["id", 1], ["LIMIT", 1]]
  [1m[35m (0.7ms)[0m  [1m[34mSELECT COUNT(DISTINCT "visits"."user_id") FROM "visits" WHERE (shortened_url_id = 1)[0m
  [1m[36mShortenedUrl Load (0.7ms)[0m  [1m[34mSELECT  "shortened_urls".* FROM "shortened_urls" WHERE "shortened_urls"."id" = $1 LIMIT $2[0m  [["id", 1], ["LIMIT", 1]]
  [1m[36mUser Load (27.9ms)[0m  [1m[34mSELECT DISTINCT "users".* FROM "users" INNER JOIN "visits" ON "users"."id" = "visits"."user_id" WHERE "visits"."shortened_url_id" = $1[0m  [["shortened_url_id", 1]]
  [1m[36mShortenedUrl Load (0.4ms)[0m  [1m[34mSELECT  "shortened_urls".* FROM "shortened_urls" WHERE "shortened_urls"."id" = $1 LIMIT $2[0m  [["id", 1], ["LIMIT", 1]]
  [1m[36mUser Load (0.9ms)[0m  [1m[34mSELECT "users".* FROM "users" INNER JOIN "visits" ON "users"."id" = "visits"."user_id" WHERE "visits"."shortened_url_id" = $1[0m  [["shortened_url_id", 1]]
  [1m[36mShortenedUrl Load (0.3ms)[0m  [1m[34mSELECT  "shortened_urls".* FROM "shortened_urls" WHERE "shortened_urls"."id" = $1 LIMIT $2[0m  [["id", 1], ["LIMIT", 1]]
  [1m[35m (40.2ms)[0m  [1m[34mSELECT COUNT(DISTINCT "visits"."user_id") FROM "visits" WHERE (shortened_url_id = 1 AND created_at < 10.minutes.ago)[0m
  [1m[36mShortenedUrl Load (0.3ms)[0m  [1m[34mSELECT  "shortened_urls".* FROM "shortened_urls" WHERE "shortened_urls"."id" = $1 LIMIT $2[0m  [["id", 1], ["LIMIT", 1]]
  [1m[35m (0.7ms)[0m  [1m[34mSELECT COUNT(DISTINCT "visits"."user_id") FROM "visits" WHERE (shortened_url_id = 1 AND created_at < 2019-01-24 00:43:57 UTC)[0m
  [1m[36mShortenedUrl Load (0.6ms)[0m  [1m[34mSELECT  "shortened_urls".* FROM "shortened_urls" ORDER BY "shortened_urls"."id" ASC LIMIT $1[0m  [["LIMIT", 1]]
  [1m[36mShortenedUrl Load (0.3ms)[0m  [1m[34mSELECT  "shortened_urls".* FROM "shortened_urls" ORDER BY "shortened_urls"."id" ASC LIMIT $1[0m  [["LIMIT", 1]]
  [1m[35m (0.7ms)[0m  [1m[34mSELECT COUNT(DISTINCT "visits"."user_id") FROM "visits" WHERE "visits"."shortened_url_id" = $1 AND ("visits"."created_at" BETWEEN $2 AND $3)[0m  [["shortened_url_id", 1], ["created_at", "2019-01-23 07:50:00"], ["created_at", "2019-01-23 08:00:00"]]
  [1m[35m (0.3ms)[0m  [1m[35mBEGIN[0m
  [1m[36mUser Load (0.4ms)[0m  [1m[34mSELECT  "users".* FROM "users" WHERE "users"."id" = $1 LIMIT $2[0m  [["id", 2], ["LIMIT", 1]]
  [1m[35mSQL (1.2ms)[0m  [1m[32mINSERT INTO "shortened_urls" ("long_url", "user_id", "created_at", "updated_at") VALUES ($1, $2, $3, $4) RETURNING "id"[0m  [["long_url", "www.www.com"], ["user_id", 2], ["created_at", "2019-01-24 01:03:14.639502"], ["updated_at", "2019-01-24 01:03:14.639502"]]
  [1m[35m (0.8ms)[0m  [1m[35mCOMMIT[0m
  [1m[36mShortenedUrl Load (0.8ms)[0m  [1m[34mSELECT  "shortened_urls".* FROM "shortened_urls" ORDER BY "shortened_urls"."id" ASC LIMIT $1[0m  [["LIMIT", 1]]
  [1m[35m (0.6ms)[0m  [1m[34mSELECT COUNT(DISTINCT "visits"."user_id") FROM "visits" WHERE "visits"."shortened_url_id" = $1 AND ("visits"."created_at" BETWEEN $2 AND $3)[0m  [["shortened_url_id", 1], ["created_at", "2019-01-23 07:50:00"], ["created_at", "2019-01-23 08:00:00"]]
  [1m[36mShortenedUrl Load (0.4ms)[0m  [1m[34mSELECT  "shortened_urls".* FROM "shortened_urls" ORDER BY "shortened_urls"."id" ASC LIMIT $1[0m  [["LIMIT", 1]]
  [1m[35m (0.7ms)[0m  [1m[34mSELECT COUNT(DISTINCT "visits"."user_id") FROM "visits" WHERE "visits"."shortened_url_id" = $1 AND ("visits"."created_at" BETWEEN $2 AND $3)[0m  [["shortened_url_id", 1], ["created_at", "2019-01-24 00:54:36.632262"], ["created_at", "2019-01-24 01:04:36.632321"]]
  [1m[35m (0.3ms)[0m  [1m[35mBEGIN[0m
  [1m[36mUser Load (0.4ms)[0m  [1m[34mSELECT  "users".* FROM "users" WHERE "users"."id" = $1 LIMIT $2[0m  [["id", 2], ["LIMIT", 1]]
  [1m[36mShortenedUrl Load (0.4ms)[0m  [1m[34mSELECT  "shortened_urls".* FROM "shortened_urls" WHERE "shortened_urls"."id" = $1 LIMIT $2[0m  [["id", 1], ["LIMIT", 1]]
  [1m[35mSQL (0.6ms)[0m  [1m[32mINSERT INTO "visits" ("shortened_url_id", "user_id", "created_at", "updated_at") VALUES ($1, $2, $3, $4) RETURNING "id"[0m  [["shortened_url_id", 1], ["user_id", 2], ["created_at", "2019-01-24 01:04:58.387635"], ["updated_at", "2019-01-24 01:04:58.387635"]]
  [1m[35m (0.9ms)[0m  [1m[35mCOMMIT[0m
  [1m[36mShortenedUrl Load (0.6ms)[0m  [1m[34mSELECT  "shortened_urls".* FROM "shortened_urls" ORDER BY "shortened_urls"."id" ASC LIMIT $1[0m  [["LIMIT", 1]]
  [1m[35m (0.7ms)[0m  [1m[34mSELECT COUNT(DISTINCT "visits"."user_id") FROM "visits" WHERE "visits"."shortened_url_id" = $1 AND ("visits"."created_at" BETWEEN $2 AND $3)[0m  [["shortened_url_id", 1], ["created_at", "2019-01-24 00:55:05.435807"], ["created_at", "2019-01-24 01:05:05.435861"]]
  [1m[36mShortenedUrl Load (0.3ms)[0m  [1m[34mSELECT  "shortened_urls".* FROM "shortened_urls" ORDER BY "shortened_urls"."id" ASC LIMIT $1[0m  [["LIMIT", 1]]
  [1m[35m (0.6ms)[0m  [1m[34mSELECT COUNT(DISTINCT "users"."id") FROM "users" INNER JOIN "visits" ON "users"."id" = "visits"."user_id" WHERE "visits"."shortened_url_id" = $1[0m  [["shortened_url_id", 1]]
  [1m[35m (0.5ms)[0m  [1m[34mSELECT COUNT(DISTINCT "visits"."user_id") FROM "visits" WHERE (shortened_url_id = 1)[0m
  [1m[36mShortenedUrl Load (0.6ms)[0m  [1m[34mSELECT  "shortened_urls".* FROM "shortened_urls" ORDER BY "shortened_urls"."id" ASC LIMIT $1[0m  [["LIMIT", 1]]
  [1m[35m (0.7ms)[0m  [1m[34mSELECT COUNT(*) FROM "visits" WHERE "visits"."shortened_url_id" = $1[0m  [["shortened_url_id", 1]]
  [1m[36mUser Load (0.6ms)[0m  [1m[34mSELECT  "users".* FROM "users" ORDER BY "users"."id" ASC LIMIT $1[0m  [["LIMIT", 1]]
  [1m[36mShortenedUrl Load (0.7ms)[0m  [1m[34mSELECT DISTINCT "shortened_urls".* FROM "shortened_urls" INNER JOIN "visits" ON "shortened_urls"."id" = "visits"."shortened_url_id" WHERE "visits"."user_id" = $1[0m  [["user_id", 1]]
  [1m[36mUser Load (0.6ms)[0m  [1m[34mSELECT  "users".* FROM "users" ORDER BY "users"."id" DESC LIMIT $1[0m  [["LIMIT", 1]]
  [1m[36mShortenedUrl Load (1.4ms)[0m  [1m[34mSELECT DISTINCT "shortened_urls".* FROM "shortened_urls" INNER JOIN "visits" ON "shortened_urls"."id" = "visits"."shortened_url_id" WHERE "visits"."user_id" = $1[0m  [["user_id", 3]]
